TN:
SF:forgot.js
FN:1,(anonymous_0)
FN:5,sendOTP
FNF:2
FNH:2
FNDA:1,(anonymous_0)
FNDA:2,sendOTP
DA:1,1
DA:2,1
DA:3,1
DA:6,2
DA:7,2
DA:9,2
DA:11,2
DA:13,1
DA:14,1
DA:15,1
DA:18,1
DA:19,1
DA:23,1
LF:13
LH:13
BRDA:11,0,0,1
BRDA:11,0,1,1
BRDA:11,1,0,2
BRDA:11,1,1,1
BRF:4
BRH:4
end_of_record
TN:
SF:register.js
FN:1,(anonymous_0)
FN:6,registerUser
FNF:2
FNH:2
FNDA:1,(anonymous_0)
FNDA:8,registerUser
DA:1,1
DA:2,1
DA:3,1
DA:7,8
DA:8,8
DA:9,8
DA:10,8
DA:12,8
DA:13,8
DA:14,8
DA:17,8
DA:18,8
DA:21,8
DA:22,4
DA:23,4
DA:27,4
DA:29,1
DA:31,3
DA:32,1
DA:34,3
DA:35,1
DA:37,3
DA:38,1
DA:45,1
LF:24
LH:24
BRDA:21,0,0,4
BRDA:21,0,1,4
BRDA:21,1,0,8
BRDA:21,1,1,4
BRDA:21,1,2,4
BRDA:27,2,0,1
BRDA:27,2,1,3
BRDA:27,3,0,4
BRDA:27,3,1,3
BRDA:27,3,2,2
BRDA:31,4,0,1
BRDA:31,4,1,2
BRDA:34,5,0,1
BRDA:34,5,1,2
BRDA:37,6,0,1
BRDA:37,6,1,2
BRF:16
BRH:16
end_of_record
